nohup: ignoring input
-622.1287965829091
-843.2329710858263
-717.8991365905346
-841.7617202165123
-626.2416097816022
-838.9532872259146
-839.8217505375861
-613.5630618120268
-931.7515197759469
-854.0710792756126
-945.1692542078048
-626.7030047277092
-724.87731019442
-502.07480687669806
-833.0876238214104
-620.4593530001401
-999.1742200256755
-845.1402140061426
-604.5551456788561
-501.66481385932025
-501.05193372446723
-720.0345881942378
-626.4710904737381
-621.9188797573813
-715.316559659997
-723.5898406492695
-581.4565220521099
-616.8032344167444
-621.876832688232
-934.0322163281721
-621.9619322798837
-722.6433980249661
-829.4578614981721
-501.39741051018086
-869.1746019163616
-620.9938497140336
-621.5965634184743
-252.17946293250634
-614.0076048607809
-836.9823561092994
-979.6247167444761
-612.9563702421839
-625.9541566396756
-832.7835463766238
-476.0486779609566
-611.516758351552
-844.0912708496754
-710.4684081448075
-712.2499811377764
-721.8501057478965
-594.9581353705757
-972.647758134857
-620.5093404720373
-616.8375036093415
-625.6930937654864
-612.6018560866855
-715.0968557081954
-624.6167631686264
-962.1413320175709
-969.516295981647
-612.32838947783
-623.997487002098
-613.6154147129001
-934.2615061694431
-625.8609373805921
-616.0291464065157
-619.9345439045804
-625.6040685591001
-836.5710348566034
-722.9116809962852
-618.2506532435394
-626.9327116483632
-740.8945796277845
-507.7507229263193
-947.5435905191365
-621.8351452535277
-621.967305478138
-699.8891642201179
-841.7265775981695
-611.1258615251307
-845.4192837102494
-835.9343789352624
-563.7559268744415
-626.0001797194072
-838.9009189711804
-625.6750849736645
-840.097515387396
-605.7420950492958
-901.9809191913304
-615.7093815972846
-610.9917832712215
-853.7586256712798
-966.5043746040685
-593.4218663962401
-675.6269972844824
-996.7420574454774
-719.0617601787552
-847.6751076099035
-845.8419206849196
-621.9976580894465
-560.3328470527781
-836.9520320850258
-992.1273083650482
-595.5290487106014
-620.6784336763378
-836.1679879244883
-978.0470451283991
-622.1829328226247
-501.3378088797879
-616.2115614666209
-982.7763330139379
-831.7658232452596
-718.9056755192987
-620.429986664393
-618.6715433268131
-830.2099812334376
-621.6572483896136
-845.011557419814
-621.189850026577
-616.3964407160992
-845.8313566323193
-627.2140318237731
-625.6372241234926
-838.2964970220892
-622.5988377371782
-625.0316823374568
-834.7449823063841
-834.2224329827644
-613.680655717997
-502.1050267939531
-618.1382141332023
-720.9385354633914
-967.1585466911733
-626.6175590942696
-692.8004149662231
-614.6511091099992
-723.0914092916488
-602.0982775002767
-624.2476886336043
-835.5634446295951
-831.5543429592711
-964.9663453290298
-621.0669496099549
-435.1959197298764
-837.3219385549664
-681.713088264118
-953.1438795195799
-621.667980525254
-716.7601698150389
-718.6616854668999
-862.7490892762222
-736.0833606100666
-620.2542370857568
-622.6771352915449
-584.3029548871161
-834.9789507156828
-821.3270292093152
-626.2636629538798
-862.037941834878
-721.2828503177117
-617.8699420715233
-841.0675821601961
-501.0332739730195
-837.8351382320888
-625.1467680048831
-722.3962731173946
-501.70725128272875
-645.1751933447067
-610.1269196036211
-618.1411277823777
-838.0396022709415
-616.0468472160447
-621.4184057453741
-850.5555440720187
-610.6002442903468
-861.4541140171584
-981.124178862466
-615.0264018456869
-727.1888801366727
-618.0656994754689
-378.4443737008312
-603.1676031443573
-719.1415632609088
-624.8363033984955
-992.2210741198264
-616.4840726850833
-627.6019469951854
-623.0605588390094
-836.5975313028831
-601.9929565583426
-625.6264899329002
-843.2998619702777
-840.1236043434814
-729.0606878895503
-948.6422836867943
-621.276015152262
-625.9107906408794
-839.1296505803148
-620.8075281147094
-978.579173494798
Average return: -712.5929552204165
