nohup: ignoring input
-742.8004947972425
-862.0251000186737
-943.7288977204366
-856.2760146602544
-1645.3038351112377
-887.5204263671368
-1134.5923515877457
-913.2367503600356
-863.808587576011
-843.8917670348275
-1066.6851702871065
-864.5380759727573
-862.1615612743828
-0.5038813810456788
-1086.0470533863775
-1065.3405023472733
-1121.4695296540704
-863.2583470013392
-860.3033781646133
-857.7047498350536
-865.5770351892985
-1132.2799006261139
-1080.066575642527
-883.5164368426483
-946.9756744062767
-959.925014504826
-849.2522769323324
-969.7273543043343
-1327.4030714596374
-1339.1773005639086
-876.6738856410116
-1827.6676286538473
-1618.0919014165631
-711.5654372804636
-1074.007824551511
-1693.6003166420517
-862.8335382237601
-934.937678392896
-863.1280373645454
-1069.722544570945
-1077.0314901646743
-1442.1193996171398
-963.3558135340724
-1080.6552327426232
-868.3628738700422
-953.0501242603032
-896.2797592010584
-899.0062875383529
-979.2879485933173
-970.2167581545698
-840.2823362506674
-969.263562536691
-1150.688355160838
-1092.0142357859363
-1162.2541194476623
-862.2013178224464
-1693.6483380897046
-1065.0087360021237
-863.0768355311089
-1818.622125602684
-1184.7982318814009
-970.3099149379528
-0.2072028766552072
-864.1483130183839
-863.1719543664207
-1154.7506928545442
-0.5979941439399357
-973.5947116851098
-1001.2732762160621
-853.4504887306614
-928.4991675451345
-1500.7644906558405
-924.7061410116115
-848.3573642464536
-1693.187219481393
-906.7072449723677
-967.1067978103983
-965.7327382171677
-894.9868347244056
-893.4994389642052
-1394.3434338445613
-1079.1055061758962
-973.4643317402093
-862.1921155838677
-1495.5570949773116
-1156.4899443058046
-1535.1695605468021
-970.8288478568177
-970.4402104500898
-1543.207592806056
-972.2143669392301
-1075.790019879379
-973.2956602362912
-932.9257291529324
-857.3608334028571
-1590.749204522965
-869.809588913508
-1172.4181559114475
-1212.9835761142122
-1499.8552408839596
-1084.8720312171497
-862.98475877589
-878.9549519172759
-1039.2182220832385
-1050.978641225323
-1611.0944528898867
-861.6450166827269
-864.1956167308766
-1065.8612591000413
-1746.540893960016
-933.3337836083581
-1088.098227097466
-959.9072956148835
-864.9883976961627
-1066.679549520716
-894.0575559549336
-1245.4393182804185
-1512.9804533745587
-843.54613962766
-972.3299750807627
-863.1158837270691
-962.7368260474318
-1077.9053171067628
-864.0748549354768
-862.3473571412732
-1093.7882761239614
-842.8989426529502
-972.3571164887469
-1083.5217472150591
-1600.481050795977
-972.5575634117265
-1355.0914891616765
-738.5060374837756
-927.9309943720351
-891.3423473619744
-957.6223139514553
-1089.1649397588337
-969.4272512602153
-1099.8776090309711
-1206.9699725499245
-840.8839585865584
-1699.3454177581125
-1081.6475754614173
-863.4386226152568
-895.4318156022057
-972.4557920229004
-864.1721532334617
-1811.6124915258147
-1500.3175573429767
-954.802785051032
-946.622218649593
-1177.2758460872376
-859.4663889233333
-836.6499100987646
-0.6109670713338395
-0.19575195915841964
-1723.4469160716442
-865.7033225846153
-969.6932358438974
-742.1540636057856
-1138.1485127844787
-888.8376158470056
-855.3513212315023
-1084.02669866923
-859.5519720991354
-1088.4826116249935
-1091.0801092902684
-1074.9513889767454
-1078.2199994080684
-861.7547356755236
-1483.2378693939515
-1061.6957206494712
-901.458881501022
-862.7554667499184
-862.3735467748045
-896.4727749161348
-861.5360197867393
-1155.7788664547797
-1488.3193874261408
-968.9128882332885
-1433.8685090928461
-972.4701302222303
-860.0916339299838
-861.0007585596644
-862.9390562350479
-997.2990919022674
-805.2263093028955
-1511.835592244561
-837.739093890405
-1165.2177763900434
-856.0771711818533
-932.9490148002479
-1194.9257419161563
-842.3946159695132
-890.3342095358746
-804.3257323277547
-856.7646578374997
-965.7253814944241
-1087.8200617782088
-963.1918073119895
Average return: -1025.7614837238243
