nohup: ignoring input
-1552.3358833382065
-1192.2030637530518
-934.471158729397
-1745.502627773758
-1610.4172052934293
-1802.096863981619
-1206.899396840429
-1092.9865291546578
-1158.3099040104926
-854.8568804025205
-964.0160072496845
-1070.1356694454823
-940.4543929045592
-1047.2232485734194
-1066.2204413359545
-1076.877446827062
-876.056171319196
-964.8049758940617
-1071.7583294390026
-916.3697080084429
-849.4279030611762
-1068.938290226685
-1072.9827320448974
-1756.2494181422526
-849.4892382035665
-1066.2614338528806
-943.5810742518554
-1716.8897990426358
-1645.3212799095875
-1116.0181530750015
-1080.896497828664
-1090.5658512671064
-969.4886390482178
-1184.256757999118
-1373.3812101056274
-1204.5426679003413
-1632.7316808667904
-1687.0530921540744
-929.5317654836358
-1510.8240540910883
-1615.1582417149943
-1069.5940941486244
-945.8541233077492
-839.9372166891084
-924.8275370910375
-966.895776102302
-1071.973095871715
-1186.9362187175211
-1813.0105931475296
-1070.8026986262364
-1507.1869306733506
-890.9728390272836
-1179.7481467070354
-1643.4377315766142
-870.5477236418202
-1573.1190880136664
-1643.2298012577414
-1606.2094607414374
-968.1356337795245
-1196.7974797591428
-964.0514900304054
-955.3811185735888
-1231.0538827139144
-941.906849303976
-1169.7710667346973
-1209.8403413612918
-1078.1848311032907
-1172.6299365039522
-1067.7569711961553
-953.7635063465469
-847.8992118343768
-946.9028608655033
-1163.879183330246
-957.6456843074373
-1556.7302880277257
-1194.3552076073163
-1132.1827234375826
-1745.8752624313956
-1180.6529720641377
-1714.9526388191807
-1178.7272622877945
-854.7039840310784
-1344.8911991540124
-1056.8781300256921
-822.397457986252
-1726.1324935057773
-1077.8278879070497
-1443.3543309235406
-963.8430103947937
-849.4294928069318
-962.2804367332494
-975.7546310877551
-871.7015323734964
-961.4541457560247
-1860.5045691124174
-855.8924285135239
-1189.6328023961958
-928.0238687093407
-1574.8377564364855
-1332.1115265132241
-1063.7925324993228
-1200.1621854105979
-868.9998618807141
-1604.4434380149332
-948.4702375261509
-1042.994706339513
-963.9145085953348
-1471.8741477421731
-1160.1010191126318
-1647.6838704629245
-967.2863153588326
-1084.5745855138525
-952.9173320737767
-941.6212773002211
-945.5269568150565
-1022.3678936360031
-1279.4548866802584
-963.4935320122584
-1071.3705230665166
-830.9793104156843
-997.4816565118758
-1321.899408038478
-1506.7695438137807
-1740.7497100184073
-846.1684914847507
-1055.8425223308298
-849.7353437609837
-965.389115053376
-1685.646507366805
-1212.294223146949
-1280.426383774007
-924.3811708927443
-1741.4122249721117
-1118.3451432101856
-1027.400239966331
-960.958204309519
-915.8452389172311
-976.9586680421817
-1533.5858473725048
-1376.3491931997378
-991.9007419591388
-1490.1938538259558
-1723.3507883961029
-1300.2081717595916
-1366.4005610615272
-1076.0585935669521
-1305.4477930804594
-1363.3936367621016
-1196.4899721354695
-969.09087481619
-1880.4394456393866
-1705.6283988964558
-1007.732246703818
-856.8327861107621
-1792.462313221262
-1361.0717298577251
-1653.5727647123358
-1225.4480160095923
-1322.5543884224653
-1190.3716804211738
-1066.9486821567507
-1320.1683957757004
-882.7827641931985
-1158.0013326996936
-1516.959186163483
-1321.529380824343
-1178.4343076639705
-864.1213634444277
-1429.1975520252977
-1070.544754652408
-1009.9909027991253
-1252.2217588443245
-1669.5766547114802
-1065.4500686122014
-1181.2947504781107
-1169.0148815087919
-875.9675865729197
-1203.4747923267187
-1775.8494704519458
-931.1152708237086
-918.0552251541772
-1701.9641006977774
-1590.2123130375774
-929.9796222335913
-1189.1742655581363
-1575.3282336377
-1422.0344998057453
-1520.4304035647062
-958.4621489631743
-1189.3686473156947
-874.9442125212945
-1184.003590279112
-1093.3379846013004
-921.5425713746154
-1078.0620389989201
-1192.200766288568
-939.3424889777077
-887.4974209288201
-1623.7066898653306
-1343.4574665843184
Average return: -1197.083310538931
