nohup: ignoring input
-840.3193957447306
-620.6824626494416
-621.0237432241299
-733.6500684321115
-498.8787051175082
-619.2005190256639
-620.2892066265932
-626.3242728897665
-703.1980282157081
-621.5120697435289
-850.1822899470955
-719.931720790302
-499.57595858012974
-623.5755515477376
-619.2840056970877
-620.8748035950022
-936.3674849352775
-853.4847778936374
-616.0382604446435
-576.0683649297248
-513.6231683757131
-624.2431321107832
-845.0656213272287
-717.0551366638422
-734.5421010615017
-728.2521190470201
-618.987303763244
-622.2765773034204
-502.3977591446501
-499.37723814899863
-623.1216176854887
-945.7607231825331
-839.6860140355531
-975.2126908662591
-1051.923775510603
-724.0401600503211
-832.7391898608307
-622.6449968333786
-625.1126273387911
-972.4221735660801
-620.5685577111893
-610.2003925593696
-916.0627311045215
-850.3462446246205
-734.1755523653696
-622.3653626712423
-501.76725768545634
-777.6244031484184
-836.4847229605061
-498.7979089158091
-733.0071163215817
-727.1704918311972
-626.2648199668196
-694.3160373035863
-727.6842290645126
-843.167623693622
-731.3555600676757
-377.64131672231133
-970.8863154098607
-738.9806439557068
-623.2190716186485
-838.0027769390032
-622.7766195062214
-735.4713694244845
-620.8510954219497
-836.361215877481
-963.8329614653593
-624.6410867317547
-966.5098601615985
-731.5064726836378
-696.5536217319243
-619.7694845115846
-377.802455015767
-720.3157904495301
-722.6232485557136
-619.4878966358997
-728.3319470173328
-729.0201665268498
-848.4130847273342
-723.2430970207437
-622.7862491795098
-832.8891511764142
-836.1118001141864
-616.348054775174
-624.8113437265209
-623.4562330475316
-729.4697282616388
-725.6982299308333
-723.3954566735464
-853.5437445378356
-999.7103089078132
-621.172813271238
-625.0847464384902
-728.902470094967
-719.9369230281228
-723.279128822717
-724.4387550000437
-478.72903024885863
-616.5488150569241
-661.2405888549661
-863.7463299567338
-837.583644949393
-620.5424335607473
-841.1241420938675
-961.4134234921274
-721.304340249517
-838.2474190872834
-856.2366790313141
-733.9297752045097
-726.6228680628504
-843.0471235290228
-621.8327332949314
-586.0905362834071
-842.2893358812274
-865.4140378177058
-499.7510363835887
-714.9498878148439
-515.8675160857794
-622.2328023354388
-847.9391398768875
-501.322773813517
-502.1393452162368
-515.5826442003583
-623.8238967118654
-844.164059534905
-966.0691734087254
-597.9619963822925
-732.1230497720346
-721.2643294421086
-861.9085722118047
-858.010763724938
-621.4288964308063
-620.1039001709936
-502.06701363360474
-836.6963465340248
-624.117273767707
-622.3283955047064
-620.0885663541806
-625.823489299742
-622.4822818867937
-845.9314373054428
-732.5642433634595
-952.2643978282327
-725.5648353249492
-729.0200208634883
-847.1108223351413
-908.1821267283002
-600.6500040416717
-728.5384988691371
-498.4830685046241
-616.8054404126061
-616.9484419229665
-956.6718077890073
-727.0607711175409
-499.36292156499195
-619.6615918126001
-835.6849362505455
-963.1072753771234
-890.9221755315396
-625.7971172480516
-860.0799222094195
-501.5997511023138
-616.6711675605094
-604.7765906681237
-850.6866708047997
-828.9404236119912
-619.9359498395582
-845.8230743086034
-716.5892038966474
-623.6977483973694
-618.0847037778883
-620.7935084625227
-624.6904652234243
-500.1891224250876
-721.2593842622281
-623.2339190864188
-836.8526336178388
-876.8058826935473
-499.4403361072733
-621.8171890936442
-623.8264416937221
-501.7123549963143
-501.7844591168476
-938.3498543062764
-732.9834475167444
-856.9663852386374
-620.1663489018259
-733.2710417642846
-502.24478784233247
-1026.359357429654
-609.1282194781301
-610.0459463385849
-620.0018762502696
-840.6589989104331
-620.8939267507953
-502.2176087418197
-730.4422515965633
-862.6259742818607
-620.7625981492866
-622.708821761001
Average return: -706.0161112627908
