nohup: ignoring input
-1459.0073572222361
-1556.135809989217
-1071.8613288540696
-1331.8857274005372
-992.4427162562722
-1123.504410319851
-901.2380448112851
-1425.1575718636843
-954.1678904005662
-1396.1933907201333
-974.320430820102
-931.0858019238667
-1783.8563375717586
-775.9344177137755
-1175.6051869849748
-1227.6412637628841
-777.6170072842696
-869.0838217525494
-1169.7865369545118
-905.2578318920548
-959.3560536241148
-1737.998549710738
-1091.0808528030877
-856.5566274478599
-1301.7438196094943
-1118.1323221751047
-1559.1172219793968
-955.2915407885384
-1483.1284437249512
-1696.7491146821835
-1156.3880431776583
-858.8849780605607
-1850.4322179796065
-1456.684187374496
-1575.8909525964002
-1347.2864018429714
-1665.1124938944631
-1515.4550547543238
-822.3639326791365
-1159.5252835315425
-971.956139527991
-1435.3142671719163
-774.9050178433444
-1545.3581341529118
-1054.615792901951
-1408.9523718176831
-1070.047213430818
-867.1780815797214
-1033.8699287199902
-889.1244759334843
-880.5827946581334
-1589.8857050817546
-1515.3463468435593
-1420.270133466279
-1070.2997032798717
-1153.3702404501603
-1072.711527476353
-1600.2497629868133
-1039.7731890139191
-1034.6974041091012
-1155.87178431024
-1566.957547550332
-1164.2283041241951
-1450.1519931283979
-962.7538396350924
-1512.6855710381728
-927.3372104581072
-1579.1879963966505
-1840.5248565785787
-1829.4653534625081
-1167.9723261118845
-1412.1292511502322
-1399.5941706912854
-1049.8060042721086
-1758.7611542189416
-1042.009485285247
-1039.085260245654
-1589.4477228591716
-1121.2489123186936
-1059.8741611993687
-874.3557209155463
-916.1598828579968
-968.9831890790742
-1069.68919656243
-1319.8982977341095
-992.351302845052
-1726.1227674131749
-1253.9470205367734
-1068.1568402585845
-1780.0019457266903
-1122.5592777360544
-1270.1846812054803
-1355.8406307414093
-1071.400025318043
-1831.1724900512763
-1835.6263684948012
-909.7185289271578
-1159.659800498211
-1350.362554997454
-1152.2968806948172
-1077.027763460258
-1425.110948261062
-933.2685626195517
-1532.8794462392163
-1425.2003196011333
-1069.7946928311105
-941.1255880398785
-1413.35476408274
-1063.043447331747
-1113.6851146503327
-1259.7969132776313
-1026.2879727963118
-968.7983600705854
-1443.8272470858408
-1747.4111877827345
-1220.534988302297
-1165.9911521640759
-1460.7825599516368
-1812.5934152499524
-879.3544677597124
-1710.1607453243112
-1514.5205362598952
-1803.064206168729
-1510.289210734154
-1044.9997969056924
-1252.828671128922
-1174.2362673901735
-1102.3165293599225
-1001.4371201860804
-1657.8278986710463
-1353.7118999303993
-1060.3315982693955
-1183.2329306456302
-919.8569267371087
-1153.2759017496596
-1455.7741021262161
-858.4023657166955
-992.6134031287659
-1403.4469306225153
-1071.4364078115789
-890.3265917849241
-1357.541759129134
-1172.085925691675
-937.2500737324194
-1075.7886087027578
-1038.5074928770132
-1393.9242005094316
-1170.6884908836003
-855.3126888279936
-1448.0136078941575
-1570.8381806782425
-1040.6075035779452
-858.0015652660347
-1253.8880358728554
-968.0147839127454
-799.179917435776
-1191.1610098728036
-1419.665876710182
-1795.0435438015268
-1541.32946579635
-925.2511300634972
-1401.5211102210442
-1154.8622856056518
-1036.282394518681
-1047.8273049678228
-1112.834745998751
-1568.0877778080269
-1780.239599813572
-1069.7282303064428
-1104.263814763102
-1142.5298400750407
-1394.408906539354
-1154.487540716424
-1764.44663165629
-1173.8525049035948
-1342.9538550986504
-1035.6492241195504
-1639.8472892131927
-1069.2986531895754
-1272.0815343591341
-952.2205323878868
-980.0783470687005
-1295.135427696974
-1511.170799686982
-957.3500706865998
-965.1399792953151
-1173.7437265605652
-1540.9828111332213
-1049.0867060120954
-1244.921246063141
-886.4082807630322
-1682.921073700628
-1043.1428020306053
-1042.139682479224
-1431.4591963821192
-1014.038707947324
-1172.8300541314245
-1414.2248295831794
-1039.4878569259336
-1431.4103763728458
Average return: -1235.2709903961875
