nohup: ignoring input
state_mean: [ 0.8124825   0.08462816 -0.01141869]
state_std: [0.4824354  0.31660303 1.5608662 ]
==================================================
Starting new experiment: pendulum medium-replay_1000
1000 trajectories, 200000 timesteps found
Average return: -170.86, std: 171.82
Max return: -1.49, min: -1880.17
==================================================
train_iteration
/home/omar/anaconda3/envs/decision-transformer-gym/lib/python3.8/site-packages/torch/autograd/__init__.py:154: UserWarning: CUDA initialization: The NVIDIA driver on your system is too old (found version 10010). Please update your GPU driver by downloading and installing a new version from the URL: http://www.nvidia.com/Download/index.aspx Alternatively, go to: https://pytorch.org to install a PyTorch version that has been compiled with your version of the CUDA driver. (Triggered internally at  /opt/conda/conda-bld/pytorch_1634272128894/work/c10/cuda/CUDAFunctions.cpp:112.)
  Variable._execution_engine.run_backward(
================================================================================
Iteration 1
time/training: 2016.952425479889
evaluation/target_0_return_mean: -1019.1865821854667
evaluation/target_0_return_std: 325.51385608687957
evaluation/target_0_length_mean: 200.0
evaluation/target_0_length_std: 0.0
time/total: 2127.052262544632
time/evaluation: 110.09964632987976
training/train_loss_mean: 0.16109257350042464
training/train_loss_std: 0.03212259009772793
training/action_error: 0.1495334953069687
train_iteration
================================================================================
Iteration 2
time/training: 2024.2690715789795
evaluation/target_0_return_mean: -1194.2439110565776
evaluation/target_0_return_std: 307.3280243271113
evaluation/target_0_length_mean: 200.0
evaluation/target_0_length_std: 0.0
time/total: 4274.332079410553
time/evaluation: 123.00717639923096
training/train_loss_mean: 0.14543844498693942
training/train_loss_std: 0.00951825684298238
training/action_error: 0.14301235973834991
train_iteration
================================================================================
Iteration 3
time/training: 2168.8423759937286
evaluation/target_0_return_mean: -872.763977325625
evaluation/target_0_return_std: 454.02743246872575
evaluation/target_0_length_mean: 200.0
evaluation/target_0_length_std: 0.0
time/total: 6559.939476966858
time/evaluation: 116.76008558273315
training/train_loss_mean: 0.14217513906508683
training/train_loss_std: 0.009351866386939212
training/action_error: 0.13455340266227722
train_iteration
================================================================================
Iteration 4
time/training: 1245.0613205432892
evaluation/target_0_return_mean: -1035.8051770493687
evaluation/target_0_return_std: 278.6770588017639
evaluation/target_0_length_mean: 200.0
evaluation/target_0_length_std: 0.0
time/total: 7865.4816970825195
time/evaluation: 60.47580933570862
training/train_loss_mean: 0.14035898505151273
training/train_loss_std: 0.009056994866253429
training/action_error: 0.12595635652542114
train_iteration
================================================================================
Iteration 5
time/training: 1484.5677707195282
evaluation/target_0_return_mean: -920.7051461624214
evaluation/target_0_return_std: 342.11237672344225
evaluation/target_0_length_mean: 200.0
evaluation/target_0_length_std: 0.0
time/total: 9493.224511146545
time/evaluation: 143.17179775238037
training/train_loss_mean: 0.1390345188781619
training/train_loss_std: 0.00887168909795936
training/action_error: 0.14054569602012634
