nohup: ignoring input
state_mean: [0.6026695  0.02663698 0.0245216 ]
state_std: [0.6832792 0.4120112 2.3226416]
==================================================
Starting new experiment: pendulum medium_5000
5000 trajectories, 1000000 timesteps found
Average return: -382.91, std: 472.05
Max return: -1.03, min: -1835.99
==================================================
train_iteration
/home/omar/anaconda3/envs/decision-transformer-gym/lib/python3.8/site-packages/torch/autograd/__init__.py:154: UserWarning: CUDA initialization: The NVIDIA driver on your system is too old (found version 10010). Please update your GPU driver by downloading and installing a new version from the URL: http://www.nvidia.com/Download/index.aspx Alternatively, go to: https://pytorch.org to install a PyTorch version that has been compiled with your version of the CUDA driver. (Triggered internally at  /opt/conda/conda-bld/pytorch_1634272128894/work/c10/cuda/CUDAFunctions.cpp:112.)
  Variable._execution_engine.run_backward(
================================================================================
Iteration 1
time/training: 1739.628211259842
evaluation/target_0_return_mean: -1301.444506405066
evaluation/target_0_return_std: 330.44517218363643
evaluation/target_0_length_mean: 200.0
evaluation/target_0_length_std: 0.0
time/total: 1840.7296738624573
time/evaluation: 101.10120940208435
training/train_loss_mean: 0.2401725888080895
training/train_loss_std: 0.133531851131265
training/action_error: 0.17931264638900757
train_iteration
================================================================================
Iteration 2
time/training: 1742.5250792503357
evaluation/target_0_return_mean: -1257.516293164783
evaluation/target_0_return_std: 329.2464436428922
evaluation/target_0_length_mean: 200.0
evaluation/target_0_length_std: 0.0
time/total: 3680.8659195899963
time/evaluation: 97.60712194442749
training/train_loss_mean: 0.1663274761877954
training/train_loss_std: 0.019195712549140365
training/action_error: 0.19641652703285217
train_iteration
================================================================================
Iteration 3
time/training: 1732.889820098877
evaluation/target_0_return_mean: -1316.7407832421802
evaluation/target_0_return_std: 316.1852940334675
evaluation/target_0_length_mean: 200.0
evaluation/target_0_length_std: 0.0
time/total: 5507.810831785202
time/evaluation: 94.05127096176147
training/train_loss_mean: 0.1603938057154417
training/train_loss_std: 0.018924688660380194
training/action_error: 0.14968150854110718
train_iteration
================================================================================
Iteration 4
time/training: 3055.2256231307983
evaluation/target_0_return_mean: -1338.7428999089896
evaluation/target_0_return_std: 353.9288277644956
evaluation/target_0_length_mean: 200.0
evaluation/target_0_length_std: 0.0
time/total: 8677.72539138794
time/evaluation: 114.68528437614441
training/train_loss_mean: 0.15819626156017183
training/train_loss_std: 0.018588019102938266
training/action_error: 0.14578181505203247
train_iteration
================================================================================
Iteration 5
time/training: 1987.1143219470978
evaluation/target_0_return_mean: -1327.5104149303943
evaluation/target_0_return_std: 346.0592201245796
evaluation/target_0_length_mean: 200.0
evaluation/target_0_length_std: 0.0
time/total: 10780.71298956871
time/evaluation: 115.85726070404053
training/train_loss_mean: 0.15645603845641018
training/train_loss_std: 0.018461844083168692
training/action_error: 0.1677684634923935
train_iteration
================================================================================
Iteration 6
time/training: 2002.5559022426605
evaluation/target_0_return_mean: -1310.1863942957264
evaluation/target_0_return_std: 350.4127312669936
evaluation/target_0_length_mean: 200.0
evaluation/target_0_length_std: 0.0
time/total: 12895.39627623558
time/evaluation: 112.12035822868347
training/train_loss_mean: 0.15477519770413636
training/train_loss_std: 0.018279528349446975
training/action_error: 0.15702471137046814
train_iteration
================================================================================
Iteration 7
time/training: 1988.7537384033203
evaluation/target_0_return_mean: -1272.0784560982718
evaluation/target_0_return_std: 365.95827941302133
evaluation/target_0_length_mean: 200.0
evaluation/target_0_length_std: 0.0
time/total: 14997.977521419525
time/evaluation: 113.81830024719238
training/train_loss_mean: 0.15401838538721205
training/train_loss_std: 0.01860200038067291
training/action_error: 0.16411729156970978
train_iteration
================================================================================
Iteration 8
time/training: 1986.7212014198303
evaluation/target_0_return_mean: -1233.087003728412
evaluation/target_0_return_std: 355.930674080449
evaluation/target_0_length_mean: 200.0
evaluation/target_0_length_std: 0.0
time/total: 17106.464104175568
time/evaluation: 121.76142001152039
training/train_loss_mean: 0.1534641231946647
training/train_loss_std: 0.01834825472934364
training/action_error: 0.16161181032657623
train_iteration
================================================================================
Iteration 9
time/training: 1983.3905053138733
evaluation/target_0_return_mean: -1234.6608833033868
evaluation/target_0_return_std: 349.8893186853364
evaluation/target_0_length_mean: 200.0
evaluation/target_0_length_std: 0.0
time/total: 19203.61461877823
time/evaluation: 113.75262355804443
training/train_loss_mean: 0.15285966866090894
training/train_loss_std: 0.01839593254438464
training/action_error: 0.16340894997119904
train_iteration
================================================================================
Iteration 10
time/training: 1994.0078835487366
evaluation/target_0_return_mean: -1209.1867617541882
evaluation/target_0_return_std: 315.9068205479641
evaluation/target_0_length_mean: 200.0
evaluation/target_0_length_std: 0.0
time/total: 21315.281491994858
time/evaluation: 117.65182757377625
training/train_loss_mean: 0.15194021743163466
training/train_loss_std: 0.01790870691175912
training/action_error: 0.14973819255828857
